number,value,datetime_start,datetime_complete,duration,params_IF_binarization_threshold,params_IF_gaussian_sigma,params_IMC_arcsinh_cofactor,params_IMC_arcsinh_normalize,params_IMC_binarization_threshold,params_IMC_gaussian_sigma,params_IMC_winsorization_lower_limit,params_IMC_winsorization_upper_limit,params_binarize_images,params_registration_max_features,params_registration_percentile,params_registration_target,user_attrs_corr_cell_max_corr,user_attrs_corr_image_max_corr,user_attrs_logical_and,user_attrs_logical_iou,user_attrs_logical_or,user_attrs_logical_xor,user_attrs_prop_source_covered,user_attrs_prop_target_covered,user_attrs_reg_cell_max_corr,user_attrs_reg_image_max_corr,user_attrs_registration_matrix,user_attrs_source_sum,user_attrs_stack_cell_max_corr,user_attrs_stack_image_max_corr,user_attrs_target_sum,state,objective,sampler,zarr_id
46,0.40446084731317045,2025-04-02 16:14:36.476511,2025-04-02 16:14:38.221733,0 days 00:00:01.745222,0.31629372976049575,1.3816195159135907,47.744603979289025,False,0.5882027250986172,2.0596194032590107,0.18911645777791558,0.019785861833286296,True,100000,0.9,IF,0.41863009333610535,0.7553890504713774,13714.0,0.4828533201887191,28402.0,14688.0,,,0.3902731239795685,0.8376474395062466,"[[ 9.96903961e-01  1.16390008e-03 -4.93208339e+01]
 [-1.16390008e-03  9.96903961e-01 -3.97704205e+01]]",26715.0,0.41863009333610535,0.8371162379782845,15401.0,COMPLETE,iou-single-objective,TPESampler,cell-line-0028-bd18455
47,0.5956164044679182,2025-04-02 16:14:38.231219,2025-04-02 16:14:40.280902,0 days 00:00:02.049683,0.12555614199111126,3.0458611240998335,1.9190346015317417,True,0.8446505181452812,1.5396883185059211,0.13649527975332998,0.0896296778281272,True,100000,0.9,IF,0.24481430649757385,0.7509032132451123,33400.0,0.705802797853007,47322.0,13922.0,,,0.4900403618812561,0.8438850147374498,"[[ 1.00011998e+00  7.89508636e-03 -5.22777902e+01]
 [-7.89508636e-03  1.00011998e+00 -3.89488373e+01]]",37232.0,0.49004247784614563,0.8433533256449828,43490.0,COMPLETE,iou-single-objective,TPESampler,cell-line-0028-bd18455
48,0.6645228896830145,2025-04-02 16:14:40.291491,2025-04-02 16:14:42.524240,0 days 00:00:02.232749,0.05461098998699154,1.5979027101724115,52.49339604024598,False,0.4993313191365684,1.85081883887946,0.15461673122189615,0.07758964645795358,True,100000,0.9,IF,0.295385479927063,0.7705708340213411,59742.0,0.766837383033617,77907.0,18165.0,,,0.7210876941680908,0.866576023007844,"[[ 9.94268358e-01  3.03909829e-03 -4.71937060e+01]
 [-3.03909829e-03  9.94268358e-01 -3.76983088e+01]]",72878.0,0.721077561378479,0.8660290568942272,64771.0,COMPLETE,iou-single-objective,TPESampler,cell-line-0028-bd18455
49,0.6976335613363238,2025-04-02 16:14:42.535678,2025-04-02 16:14:44.694628,0 days 00:00:02.158950,0.04111442561927445,1.6142190584164706,52.24776183247251,False,0.48598406597260213,3.194303327978072,0.1492034239137601,0.07462534666423079,True,100000,0.9,IF,0.31563458867403515,0.7565997543975068,67992.0,0.8152909012422658,83396.0,15404.0,,,0.7347314298005647,0.8556866760972477,"[[ 9.99949751e-01  6.02874885e-03 -5.09746732e+01]
 [-6.02874885e-03  9.99949751e-01 -3.98676431e+01]]",75010.0,0.7347415987358807,0.8551491362307233,76378.0,COMPLETE,iou-single-objective,TPESampler,cell-line-0028-bd18455
