number,value,datetime_start,datetime_complete,duration,params_IF_binarization_threshold,params_IF_gaussian_sigma,params_IMC_arcsinh_cofactor,params_IMC_arcsinh_normalize,params_IMC_binarization_threshold,params_IMC_gaussian_sigma,params_IMC_winsorization_lower_limit,params_IMC_winsorization_upper_limit,params_binarize_images,params_registration_max_features,params_registration_percentile,params_registration_target,user_attrs_corr_cell_max_corr,user_attrs_corr_image_max_corr,user_attrs_logical_and,user_attrs_logical_iou,user_attrs_logical_or,user_attrs_logical_xor,user_attrs_prop_source_covered,user_attrs_prop_target_covered,user_attrs_reg_cell_max_corr,user_attrs_reg_image_max_corr,user_attrs_registration_matrix,user_attrs_source_sum,user_attrs_stack_cell_max_corr,user_attrs_stack_image_max_corr,user_attrs_target_sum,state,objective,sampler,zarr_id
45,0.0,2025-04-02 16:14:02.168543,2025-04-02 16:14:02.398756,0 days 00:00:00.230213,0.8955232284962005,1.9460083936708155,10.037381001827223,False,0.9506071469375561,2.8671894406164307,0.06386272751808297,0.190012393410161,True,100000,0.9,IF,,,,,,,,,,,,,,,,COMPLETE,iou-single-objective,RandomSampler,tissue-0009-9073de4
46,0.0,2025-04-02 16:14:02.413286,2025-04-02 16:14:03.509713,0 days 00:00:01.096427,0.6318372121697993,2.2422276098915987,67.5793271516268,False,0.7896181427945539,0.45603051524345184,0.150474905887536,0.1583158087451697,True,100000,0.9,IF,,,0.0,0.0,1.0,1.0,,,,,"[[-8.84074399e-04 -3.94132782e-04  2.47278017e+02]
 [ 3.94132782e-04 -8.84074399e-04  4.45020949e+02]]",1.0,,,0.0,COMPLETE,iou-single-objective,RandomSampler,tissue-0009-9073de4
47,0.0,2025-04-02 16:14:03.525694,2025-04-02 16:14:05.059870,0 days 00:00:01.534176,0.49442030470258147,0.2877938000832214,88.88271409307168,True,0.14299168205283586,3.8075531585873614,0.07018300251041575,0.023413403285521175,True,100000,0.9,IF,,,,,,,,,,,,,,,,COMPLETE,iou-single-objective,RandomSampler,tissue-0009-9073de4
48,0.0,2025-04-02 16:14:05.076692,2025-04-02 16:14:06.640878,0 days 00:00:01.564186,0.6182180633162611,0.5056133806139512,8.203537630055159,False,0.08134878064189976,0.4241885704259596,0.16437201185807127,0.14124844543129925,True,100000,0.9,IF,,,,,,,,,,,,,,,,COMPLETE,iou-single-objective,RandomSampler,tissue-0009-9073de4
49,0.0,2025-04-02 16:14:06.658746,2025-04-02 16:14:06.892652,0 days 00:00:00.233906,0.9866395785011755,1.8713539787806015,94.777609161002,False,0.37625958553091576,0.4175035834933438,0.1972002127645742,0.15067563705178832,True,100000,0.9,IF,,,,,,,,,,,,,,,,COMPLETE,iou-single-objective,RandomSampler,tissue-0009-9073de4
