number,values_0,values_1,datetime_start,datetime_complete,duration,params_IF_binarization_threshold,params_IF_gaussian_sigma,params_IMC_arcsinh_cofactor,params_IMC_arcsinh_normalize,params_IMC_binarization_threshold,params_IMC_gaussian_sigma,params_IMC_winsorization_lower_limit,params_IMC_winsorization_upper_limit,params_binarize_images,params_registration_max_features,params_registration_percentile,params_registration_target,user_attrs_corr_cell_max_corr,user_attrs_corr_image_max_corr,user_attrs_logical_and,user_attrs_logical_iou,user_attrs_logical_or,user_attrs_logical_xor,user_attrs_prop_source_covered,user_attrs_prop_target_covered,user_attrs_reg_cell_max_corr,user_attrs_reg_image_max_corr,user_attrs_registration_matrix,user_attrs_source_sum,user_attrs_stack_cell_max_corr,user_attrs_stack_image_max_corr,user_attrs_target_sum,state,objective,sampler,zarr_id
41,0.7611237343422602,0.8863793773333108,2025-04-02 16:14:14.926144,2025-04-02 16:14:16.910807,0 days 00:00:01.984663,0.11871104828142068,0.01735545718125242,58.90497345910408,False,0.05107391039531782,1.6790723754440806,0.13825154576791396,0.1260408289122531,True,100000,0.9,IF,0.5377435596246026,0.5277529541498437,52471.0,0.8863793773333108,59197.0,6726.0,,,0.6668441984433804,0.7611237343422602,"[[-9.95368828e-01 -6.56491583e-03  4.97979479e+02]
 [ 6.56491583e-03 -9.95368828e-01  5.72614402e+02]]",53608.0,0.6668441984433785,0.7611237343422699,58060.0,COMPLETE,iou-multi-objective,TPESampler,tissue-0009-9073de4
42,0.7939349647973082,0.9025580810198776,2025-04-02 16:14:16.928351,2025-04-02 16:14:18.901643,0 days 00:00:01.973292,0.11915092926589677,0.1793340408992038,67.83665600858251,False,0.047267727140471824,1.761007389865299,0.0783863705011173,0.1258888931712107,True,100000,0.9,IF,0.5137917954395118,0.5109118173420621,53806.0,0.9025580810198776,59615.0,5809.0,,,0.7459546370171838,0.7939349647973082,"[[-9.98061169e-01 -1.07211784e-03  4.96534156e+02]
 [ 1.07211784e-03 -9.98061169e-01  5.73379181e+02]]",54962.0,0.7459546370171849,0.7939349647973635,58459.0,COMPLETE,iou-multi-objective,TPESampler,tissue-0009-9073de4
43,0.0,0.0,2025-04-02 16:14:18.920570,2025-04-02 16:14:19.551084,0 days 00:00:00.630514,0.02716488967825935,0.06830280698255982,71.08222736679198,False,0.07998012965714141,2.640280792876084,0.05577400297784259,0.1549423590572772,True,100000,0.9,IF,,,,,,,,,,,,,,,,COMPLETE,iou-multi-objective,TPESampler,tissue-0009-9073de4
44,0.0,0.0,2025-04-02 16:14:19.566699,2025-04-02 16:14:21.094682,0 days 00:00:01.527983,0.4051451340059278,0.5940289965184937,71.18367003828666,False,0.05657741170937604,2.299558187352817,0.08132073078034431,0.12524157211281325,True,100000,0.9,IF,,,,,,,,,,,,,,,,COMPLETE,iou-multi-objective,TPESampler,tissue-0009-9073de4
45,0.05010093711635955,0.23946053619828234,2025-04-02 16:14:21.112203,2025-04-02 16:14:23.815844,0 days 00:00:02.703641,0.1350791805391872,0.2490588453090603,67.33062348548377,False,0.2986401577963379,1.3328595553749367,0.07454144994918765,0.1366310567615935,True,100000,0.9,IF,0.19994015525071185,0.04380401500908115,7333.0,0.23946053619828234,30623.0,23290.0,,,-0.014326133265048545,0.05010093711635955,"[[-6.46335904e-01 -9.43848110e-02  4.67609794e+02]
 [ 9.43848110e-02 -6.46335904e-01  4.94353478e+02]]",14740.0,0.1999401552507117,0.05010093711635837,23216.0,COMPLETE,iou-multi-objective,TPESampler,tissue-0009-9073de4
46,1.0,0.0,2025-04-02 16:14:23.832472,2025-04-02 16:14:25.357096,0 days 00:00:01.524624,0.04978737624205569,0.647939968605677,83.75310218881839,False,0.5358655396664387,1.7151874212323648,0.09651791040563325,0.15130052861541832,True,100000,0.9,IF,,-1.0,0.0,0.0,1.0,1.0,,,,1.0,"[[-2.93474391e-03  2.92267287e-03  5.08084749e+02]
 [-2.92267287e-03 -2.93474391e-03  5.59112802e+02]]",0.0,,1.0,1.0,COMPLETE,iou-multi-objective,TPESampler,tissue-0009-9073de4
47,0.7731402371648758,0.22284355047364687,2025-04-02 16:14:25.374355,2025-04-02 16:14:27.375889,0 days 00:00:02.001534,0.5795785259688595,0.6544850371962772,83.53395005221942,False,0.5434948023673781,1.7357911111168598,0.030591162605325448,0.14875621506969522,True,100000,0.9,IF,0.4813470774056972,0.5058682817811112,5340.0,0.22284355047364687,23963.0,18623.0,,,0.17662287278605304,0.7731402371648758,"[[-1.01039076e+00 -3.28743864e-03  4.99236059e+02]
 [ 3.28743864e-03 -1.01039076e+00  5.74870775e+02]]",23667.0,0.48134707740569704,0.7731402371648886,5636.0,COMPLETE,iou-multi-objective,TPESampler,tissue-0009-9073de4
48,0.0,0.0,2025-04-02 16:14:27.393589,2025-04-02 16:14:27.849083,0 days 00:00:00.455494,0.650250856012168,1.4795524339383952,92.20358236044527,False,0.7046608821818804,1.7994436826709994,0.09323888031248659,0.10077517861901236,True,100000,0.9,IF,,,,,,,,,,,,,,,,COMPLETE,iou-multi-objective,TPESampler,tissue-0009-9073de4
49,0.7543486254027152,0.40990487796621644,2025-04-02 16:14:27.865232,2025-04-02 16:14:30.841942,0 days 00:00:02.976710,0.4698051883751096,1.2207413066520627,74.58924220094143,True,0.4232560858894822,0.38678080691108363,0.058964247891455566,0.18369934997391854,True,100000,0.9,IF,0.40327043035962856,0.47960259787931736,12109.0,0.40990487796621644,29541.0,17432.0,,,0.2328948354822636,0.7543486254027152,"[[-1.00032676e+00  3.44668203e-03  4.95519035e+02]
 [-3.44668203e-03 -1.00032676e+00  5.73683065e+02]]",28327.0,0.4032704303596278,0.75434862540263,13323.0,COMPLETE,iou-multi-objective,TPESampler,tissue-0009-9073de4
