number,value,datetime_start,datetime_complete,duration,params_IF_binarization_threshold,params_IF_gaussian_sigma,params_IMC_arcsinh_cofactor,params_IMC_arcsinh_normalize,params_IMC_binarization_threshold,params_IMC_gaussian_sigma,params_IMC_winsorization_lower_limit,params_IMC_winsorization_upper_limit,params_binarize_images,params_registration_max_features,params_registration_percentile,params_registration_target,user_attrs_corr_cell_max_corr,user_attrs_corr_image_max_corr,user_attrs_logical_and,user_attrs_logical_iou,user_attrs_logical_or,user_attrs_logical_xor,user_attrs_prop_source_covered,user_attrs_prop_target_covered,user_attrs_reg_cell_max_corr,user_attrs_reg_image_max_corr,user_attrs_registration_matrix,user_attrs_source_sum,user_attrs_stack_cell_max_corr,user_attrs_stack_image_max_corr,user_attrs_target_sum,state,objective,sampler,zarr_id
 [-1.83739612e-03 -1.00748179e+00  5.75742565e+02]]",60938.0,0.748187283029861,0.8068575375648638,50381.0,COMPLETE,iou-single-objective,GPSampler,tissue-0009-9073de4
41,0.4078121976600877,2025-04-02 16:26:28.693523,2025-04-02 16:26:34.191543,0 days 00:00:05.498020,0.1769768759858113,0.0,100.0,False,0.0,0.0,0.2,0.2,True,100000,0.9,IF,0.3764133550244571,0.42000283648810716,44106.0,0.7134007278608977,61825.0,17719.0,,,0.27261396001843546,0.5716453344292142,"[[-9.67336928e-01  2.71877000e-02  4.87423227e+02]
 [-2.71877000e-02 -9.67336928e-01  5.71297733e+02]]",58031.0,0.3764133550244761,0.5716453344291933,47900.0,COMPLETE,iou-single-objective,GPSampler,tissue-0009-9073de4
42,0.5777570533552181,2025-04-02 16:26:34.203431,2025-04-02 16:26:39.030868,0 days 00:00:04.827437,0.22697461773756974,0.0,1.0,True,0.21609971841673592,0.0,0.2,0.2,True,100000,0.9,IF,0.4960270152446934,0.5110641125915197,38217.0,0.7270150474632374,52567.0,14350.0,,,0.6610698764319088,0.7946975174326543,"[[-1.00490519e+00 -8.93768429e-04  4.98604864e+02]
 [ 8.93768429e-04 -1.00490519e+00  5.74300923e+02]]",50547.0,0.6610698764319085,0.794697517432726,40237.0,COMPLETE,iou-single-objective,GPSampler,tissue-0009-9073de4
43,0.0,2025-04-02 16:26:39.043123,2025-04-02 16:26:41.715097,0 days 00:00:02.671974,0.3059091588661916,0.0,1.0,True,0.10284937767095839,0.7741880417213696,0.2,0.2,True,100000,0.9,IF,,,,,,,,,,,,,,,,COMPLETE,iou-single-objective,GPSampler,tissue-0009-9073de4
44,-0.015655126120354936,2025-04-02 16:26:41.727279,2025-04-02 16:26:45.774061,0 days 00:00:04.046782,0.07677573018905194,0.0865087660908072,14.50144111347052,False,0.21210993298706324,0.0,0.2,0.2,True,100000,0.9,IF,-0.33262764179296544,0.014268561658499513,4.0,0.18181818181818182,22.0,18.0,,,-0.3709048021322634,-0.08610319366195214,"[[-5.87539243e-03 -1.58032038e-02  6.74103766e+02]
 [ 1.58032038e-02 -5.87539243e-03  7.78984291e+01]]",7.0,0.8185936986362475,0.41587522070860417,19.0,COMPLETE,iou-single-objective,GPSampler,tissue-0009-9073de4
45,0.4383946765521531,2025-04-02 16:26:45.785067,2025-04-02 16:26:50.584715,0 days 00:00:04.799648,0.40515125154860543,0.0,100.0,False,0.33076791567442415,0.0,0.2,0.2,True,100000,0.9,IF,0.4408077371896601,0.4944239058170616,18421.0,0.5606927619163572,32854.0,14433.0,,,0.34268693587149335,0.7818803921309613,"[[-1.00112574e+00  2.23814917e-03  4.97004041e+02]
 [-2.23814917e-03 -1.00112574e+00  5.73786903e+02]]",31249.0,0.4408077371896598,0.7818803921308891,20026.0,COMPLETE,iou-single-objective,GPSampler,tissue-0009-9073de4
46,0.538556904383425,2025-04-02 16:26:50.598049,2025-04-02 16:26:54.606557,0 days 00:00:04.008508,0.14626355339221989,0.15889684982536886,99.99999999999999,True,0.1672669022512592,0.0,0.2,0.2,True,100000,0.9,IF,0.5449365986591107,0.5352495434674864,36974.0,0.6763990267639902,54663.0,17689.0,,,0.6570430217870336,0.7962118262647039,"[[-9.99011589e-01 -2.66725625e-03  4.97700618e+02]
 [ 2.66725625e-03 -9.99011589e-01  5.74199174e+02]]",37520.0,0.657043021787031,0.7962118262646772,54117.0,COMPLETE,iou-single-objective,GPSampler,tissue-0009-9073de4
47,0.497214673066214,2025-04-02 16:26:54.619282,2025-04-02 16:26:59.783317,0 days 00:00:05.164035,0.1925526184421943,0.0,44.62396696725599,True,0.05020616671548664,0.0,0.0,0.2,True,100000,0.9,IF,0.41605176216635376,0.44840050587548186,42848.0,0.7504028021015762,57100.0,14252.0,,,0.392619954025601,0.6625970367830661,"[[-1.01867485e+00  1.20087485e-02  4.97019917e+02]
 [-1.20087485e-02 -1.01867485e+00  5.77752666e+02]]",52024.0,0.41605176216636564,0.6625970367830422,47924.0,COMPLETE,iou-single-objective,GPSampler,tissue-0009-9073de4
48,0.34465030630793053,2025-04-02 16:26:59.796986,2025-04-02 16:27:03.650504,0 days 00:00:03.853518,0.33261520400010697,3.169606162393805,100.0,False,0.07892225430174657,0.0,0.19999999999999998,0.2,True,100000,0.9,IF,0.3707844486609282,0.42582292674766364,27459.0,0.5257524699394961,52228.0,24769.0,,,0.24307510533411236,0.6555372081230414,"[[-1.00379716e+00  3.80214578e-03  4.94253346e+02]
 [-3.80214578e-03 -1.00379716e+00  5.73985014e+02]]",50780.0,0.37078444866093113,0.6555372081230245,28907.0,COMPLETE,iou-single-objective,GPSampler,tissue-0009-9073de4
49,0.59985514864487,2025-04-02 16:27:03.663145,2025-04-02 16:27:08.210941,0 days 00:00:04.547796,0.29154386863890674,0.0,1.0,False,0.4954621213209438,0.07032998941918435,0.2,0.19999999999999998,True,100000,0.9,IF,0.5246139422692291,0.5216932261262244,25169.0,0.7337045242537313,34304.0,9135.0,,,0.5648197995033533,0.8175704644250316,"[[-1.00239144e+00  3.34875265e-03  4.96727863e+02]
 [-3.34875265e-03 -1.00239144e+00  5.74919262e+02]]",28219.0,0.5648197995033508,0.8175704644250723,31254.0,COMPLETE,iou-single-objective,GPSampler,tissue-0009-9073de4
