number,value,datetime_start,datetime_complete,duration,params_IF_binarization_threshold,params_IF_gaussian_sigma,params_IMC_arcsinh_cofactor,params_IMC_arcsinh_normalize,params_IMC_binarization_threshold,params_IMC_gaussian_sigma,params_IMC_winsorization_lower_limit,params_IMC_winsorization_upper_limit,params_binarize_images,params_registration_max_features,params_registration_percentile,params_registration_target,user_attrs_corr_cell_max_corr,user_attrs_corr_image_max_corr,user_attrs_logical_and,user_attrs_logical_iou,user_attrs_logical_or,user_attrs_logical_xor,user_attrs_prop_source_covered,user_attrs_prop_target_covered,user_attrs_reg_cell_max_corr,user_attrs_reg_image_max_corr,user_attrs_registration_matrix,user_attrs_source_sum,user_attrs_stack_cell_max_corr,user_attrs_stack_image_max_corr,user_attrs_target_sum,state,objective,sampler,zarr_id
41,0.6319612883410894,2025-04-02 16:14:29.018795,2025-04-02 16:14:31.401980,0 days 00:00:02.383185,0.18327034854273644,1.8579312313422551,15.282655830997896,True,0.19984593290714014,3.8210247169835663,0.04158716096304279,0.01600563726241736,True,100000,0.9,IF,0.49632248111839244,0.4996587421657518,41593.0,0.807787919984463,51490.0,9897.0,,,0.6551036625919732,0.7823356511115499,"[[-1.00378401e+00  1.08454531e-04  4.97029180e+02]
 [-1.08454531e-04 -1.00378401e+00  5.74308693e+02]]",41887.0,0.6551036625919705,0.7823356511116162,51196.0,COMPLETE,iou-single-objective,TPESampler,tissue-0009-9073de4
42,0.4839095891195997,2025-04-02 16:14:31.421568,2025-04-02 16:14:32.885477,0 days 00:00:01.463909,0.1438102871298447,1.890487426616904,16.090800712241627,True,0.19672343897964126,3.903326792989893,0.03603238630236111,0.015645494370975642,True,100000,0.9,IF,0.40853367649029204,0.43548922277417623,41929.0,0.7367597961693902,56910.0,14981.0,,,0.3310924381061738,0.65680781122365,"[[-1.00091039e+00  6.00767354e-03  4.98444486e+02]
 [-6.00767354e-03 -1.00091039e+00  5.73301387e+02]]",42248.0,0.4085336764902804,0.656807811223624,56591.0,COMPLETE,iou-single-objective,TPESampler,tissue-0009-9073de4
43,0.7307163159771837,2025-04-02 16:14:32.896181,2025-04-02 16:14:33.998752,0 days 00:00:01.102571,0.18043702877733056,2.5829824447154457,18.835081702343224,True,0.16668913330215807,4.736614399925935,0.06846960944545574,0.029044681919541862,True,100000,0.9,IF,0.5182208669335868,0.5169332698990239,48169.0,0.9050240493010672,53224.0,5055.0,,,0.7521959681631536,0.8073998879272899,"[[-1.00146725e+00  1.15988348e-03  4.96982734e+02]
 [-1.15988348e-03 -1.00146725e+00  5.74114220e+02]]",48919.0,0.7521959681631519,0.8073998879272162,52474.0,COMPLETE,iou-single-objective,TPESampler,tissue-0009-9073de4
44,0.02402326620834851,2025-04-02 16:14:34.009355,2025-04-02 16:14:34.736706,0 days 00:00:00.727351,0.05949469984286168,2.7725393569908343,21.422271421050723,True,0.1274674628319402,4.6527428670890565,0.06957765632585819,0.06356418805891079,True,100000,0.9,IF,-0.004378082759730489,0.013061449964768948,282.0,0.28775510204081634,980.0,698.0,,,0.09613371867907505,0.08348510951837425,"[[-3.28243859e-02  1.05792833e-01  1.00031929e+02]
 [-1.05792833e-01 -3.28243859e-02  5.50149117e+02]]",702.0,0.11720812572691763,0.08348510951837407,560.0,COMPLETE,iou-single-objective,TPESampler,tissue-0009-9073de4
45,-0.00821995526905801,2025-04-02 16:14:34.747571,2025-04-02 16:14:35.763889,0 days 00:00:01.016318,0.22575230112572664,3.345491191506249,5.740132701580017,False,0.3068938763516672,4.732988139296645,0.06434334988230833,0.027061413542350542,True,100000,0.9,IF,0.13797513780713344,0.004867316958231262,150.0,0.14940239043824702,1004.0,854.0,,,-0.1346015929541716,-0.05501890060089494,"[[ 1.12507948e-01  2.13656370e-02  4.70111439e+02]
 [-2.13656370e-02  1.12507948e-01  1.61557755e+02]]",297.0,0.21486644460459453,0.06194340117748827,857.0,COMPLETE,iou-single-objective,TPESampler,tissue-0009-9073de4
46,0.48916480206712964,2025-04-02 16:14:35.777192,2025-04-02 16:14:36.927213,0 days 00:00:01.150021,0.2517850915226442,2.4873692036197754,24.764822627197667,True,0.0744396564764728,4.237315049050797,0.009180127781096975,0.0019500565308307495,True,100000,0.9,IF,0.3965162206375216,0.4331420346757537,40251.0,0.7377653139777851,54558.0,14307.0,,,0.3675170346382446,0.6630357822458687,"[[-9.94206059e-01 -1.86757473e-03  4.93560419e+02]
 [ 1.86757473e-03 -9.94206059e-01  5.73013589e+02]]",54172.0,0.3965162206375309,0.6630357822458406,40637.0,COMPLETE,iou-single-objective,TPESampler,tissue-0009-9073de4
47,0.605945664642725,2025-04-02 16:14:36.939488,2025-04-02 16:14:37.930180,0 days 00:00:00.990692,0.17037114426147593,2.1830928331938657,1.9190346015317417,True,0.13638053729924976,4.517549876324907,0.07361503967144781,0.0789795226328756,True,100000,0.9,IF,0.4345056355878516,0.45543710063352383,52370.0,0.8639348048434459,60618.0,8248.0,,,0.5418319447695347,0.7013789249439126,"[[-9.95661904e-01  8.72743510e-04  4.93852719e+02]
 [-8.72743510e-04 -9.95661904e-01  5.73441319e+02]]",59971.0,0.5418319447695349,0.701378924943878,53017.0,COMPLETE,iou-single-objective,TPESampler,tissue-0009-9073de4
48,0.2248676233758519,2025-04-02 16:14:37.941493,2025-04-02 16:14:38.868245,0 days 00:00:00.926752,0.2660981128934776,3.907162767825695,6.706513561099777,True,0.02454301154278496,3.1745005560846677,0.10147507786121399,0.029734897107413377,True,100000,0.9,IF,0.19246773941052703,0.20509652491683533,35809.0,0.5810413928507683,61629.0,25820.0,,,0.09248897442732883,0.38700792429362385,"[[-9.43315941e-01  1.42952588e-02  4.71823851e+02]
 [-1.42952588e-02 -9.43315941e-01  5.68683677e+02]]",59237.0,0.19246773941051934,0.3870079242936246,38201.0,COMPLETE,iou-single-objective,TPESampler,tissue-0009-9073de4
49,0.0,2025-04-02 16:14:38.880040,2025-04-02 16:14:39.680107,0 days 00:00:00.800067,0.040621210111300654,1.4072518373004126,18.6834096438751,True,0.23761892627240797,1.627383328643942,0.040687808321553456,0.06608454458424662,True,100000,0.9,IF,,,0.0,0.0,1.0,1.0,,,,,"[[-1.40122297e-03  1.36107187e-04  8.00127744e+02]
 [-1.36107187e-04 -1.40122297e-03  8.23266752e+01]]",1.0,,,0.0,COMPLETE,iou-single-objective,TPESampler,tissue-0009-9073de4
