number,value,datetime_start,datetime_complete,duration,params_FISH_binarization_threshold,params_FISH_gaussian_sigma,params_IMC_arcsinh_cofactor,params_IMC_arcsinh_normalize,params_IMC_binarization_threshold,params_IMC_gaussian_sigma,params_IMC_winsorization_lower_limit,params_IMC_winsorization_upper_limit,user_attrs_logical_and,user_attrs_logical_iou,user_attrs_logical_or,user_attrs_logical_xor,user_attrs_prop_source_covered,user_attrs_prop_target_covered,user_attrs_reg_cell_max_corr,user_attrs_reg_image_max_corr,user_attrs_registration_matrix,user_attrs_source_sum,user_attrs_stack_cell_max_corr,user_attrs_stack_image_max_corr,user_attrs_target_sum,state
0,0.0,2025-03-17 17:18:05.347767,2025-03-17 17:18:05.655708,0 days 00:00:00.307941,0.3745401188473625,4.75357153204958,16.445845403801215,True,0.8661761457749352,3.005575058716044,0.031198904067240532,0.011616722433639893,,,,,,,,,,,,,,COMPLETE
1,0.2581449095228153,2025-03-17 17:18:05.689368,2025-03-17 17:18:09.263991,0 days 00:00:03.574623,0.7080725777960455,0.10292247147901223,22.02157195714934,True,0.3042422429595377,2.6237821581611893,0.03636499344142013,0.03668090197068676,2.0,0.4,5.0,3.0,,,-1.0,0.6453622738070383,"[[-2.43130154e-03  3.36463229e-03  6.35237950e+02]
 [-3.36463229e-03 -2.43130154e-03  1.03037527e+02]]",2.0,1.0,1.0000000000000002,5.0,COMPLETE
2,0.10324549182135026,2025-03-17 17:18:09.269654,2025-03-17 17:18:12.283391,0 days 00:00:03.013737,0.43194501864211576,1.4561457009902097,29.922320204986598,True,0.7851759613930136,0.9983689107917987,0.07327236865873835,0.0912139968434072,8047.0,0.14961420470391373,53785.0,45738.0,,,0.32273413677506735,0.6900781381398439,"[[ 1.22167591e+00  9.84590428e-04 -7.33959454e-01]
 [-9.84590428e-04  1.22167591e+00  3.16623258e+00]]",8961.0,1.0000000000000056,0.999999999998612,52871.0,COMPLETE
3,0.0,2025-03-17 17:18:12.294076,2025-03-17 17:18:12.355284,0 days 00:00:00.061208,0.5142344384136116,2.9620728443102124,17.88188824504186,False,0.9656320330745594,4.041986740582305,0.013010318597055905,0.18977710745066667,,,,,,,,,,,,,,COMPLETE
4,0.0,2025-03-17 17:18:12.360937,2025-03-17 17:18:12.403989,0 days 00:00:00.043052,0.3046137691733707,0.48836057003191935,13.081785249633104,True,0.9093204020787821,1.2938999080000846,0.09903538202225404,0.006877704223043679,,,,,,,,,,,,,,COMPLETE
5,0.0,2025-03-17 17:18:12.408876,2025-03-17 17:18:12.458126,0 days 00:00:00.049250,0.662522284353982,1.5585553804470549,19.300591097027176,False,0.9394989415641891,4.474136752138244,0.19391692555291173,0.15502656467222292,,,,,,,,,,,,,,COMPLETE
6,0.0,2025-03-17 17:18:12.461964,2025-03-17 17:18:13.944926,0 days 00:00:01.482962,0.5978999788110851,4.609371175115584,5.477501602143269,False,0.2713490317738959,4.143687545759647,0.06506606615265287,0.07773545793789641,0.0,0.0,1.0,1.0,,,,0.4121361187628602,"[[ 2.38607418e-03  1.53530606e-03  4.32912064e+01]
 [-1.53530606e-03  2.38607418e-03  5.85595801e+02]]",0.0,,1.0,1.0,COMPLETE
7,0.2430241701500051,2025-03-17 17:18:13.952506,2025-03-17 17:18:23.629464,0 days 00:00:09.676958,0.3567533266935893,1.4046725484369038,80.41750109464992,True,0.7722447692966574,0.993578407670862,0.014910128735954166,0.19737738732010346,43691.0,0.34509968089475845,126604.0,82913.0,,,0.4106292368411879,0.7042144157302704,"[[ 1.21776057e+00  5.14734179e-03 -2.95991286e-01]
 [-5.14734179e-03  1.21776057e+00  5.74968378e+00]]",48929.0,1.0000000000000153,1.0000000000038307,121366.0,COMPLETE
8,0.0,2025-03-17 17:18:23.642835,2025-03-17 17:18:23.762147,0 days 00:00:00.119312,0.005522117123602399,4.0773071422741705,77.35576432190862,False,0.11586905952512971,4.315517129377968,0.014808930346818072,0.07169314570885453,,,,,,,,,,,,,,COMPLETE
9,-3.5356147817722985e-05,2025-03-17 17:18:23.766761,2025-03-17 17:18:25.168259,0 days 00:00:01.401498,0.6232981268275579,1.654490124263246,33.19314888064796,False,0.8872127425763265,2.3610746258097466,0.1459212356676128,0.12751149427104264,1.0,0.00033433634236041456,2991.0,2990.0,,,,-0.10575023812280945,"[[ 1.25671665e+00 -2.49092128e+00 -4.73024774e+02]
 [ 2.49092128e+00  1.25671665e+00 -1.47762856e+03]]",58.0,,1.0000000000001363,2934.0,COMPLETE
10,0.0,2025-03-17 17:18:25.173577,2025-03-17 17:18:26.150876,0 days 00:00:00.977299,0.9679380298865652,0.029985914779086187,55.747924529170206,True,0.5167229806570612,2.4322115633745964,0.13037331015563566,0.04394194573392496,,,,,,,,,,,,,,COMPLETE
11,0.0,2025-03-17 17:18:26.157877,2025-03-17 17:18:27.212392,0 days 00:00:01.054515,0.8811703997690679,0.8521767230273971,94.63516227739763,True,0.4818963296633295,0.11389806391162005,0.04392488843781406,0.17810800597380994,,,,,,,,,,,,,,COMPLETE
12,0.0,2025-03-17 17:18:27.217501,2025-03-17 17:18:29.134228,0 days 00:00:01.916727,0.18484975639429146,2.422589811458844,55.65059776747638,True,0.6168101067430677,1.4610056487526417,0.05265066794064753,0.13790732022412838,0.0,0.0,5.0,5.0,,,,0.24908985116640445,"[[-3.73389346e-03 -4.61446585e-04  2.75521463e+02]
 [ 4.61446585e-04 -3.73389346e-03  5.23959454e+02]]",0.0,,1.0000000000000002,5.0,COMPLETE
13,0.06478691033669154,2025-03-17 17:18:29.148426,2025-03-17 17:18:30.848043,0 days 00:00:01.699617,0.7719240123800711,0.8581966945679633,71.48580241912774,True,0.2807825741528728,3.0559726689545545,0.010334021997693912,0.03684131156111221,1.0,0.3333333333333333,3.0,2.0,,,,0.19436073101007462,"[[ 3.27207039e-03 -4.27131072e-03  6.28720721e+02]
 [ 4.27131072e-03  3.27207039e-03  1.07607908e+02]]",2.0,,1.0000000000000002,2.0,COMPLETE
14,-0.0,2025-03-17 17:18:30.857036,2025-03-17 17:18:37.333996,0 days 00:00:06.476960,0.21822822137399445,2.350825663168662,99.77357144554985,True,0.3639804821656291,0.018124333460429742,0.10018922667745273,0.10288404455390264,0.0,0.0,1.0,1.0,,,,-1.0,"[[ 1.68127622e-03 -1.17198418e-03  5.55992768e+02]
 [ 1.17198418e-03  1.68127622e-03  3.26722236e+02]]",0.0,,1.0,1.0,COMPLETE
15,0.0,2025-03-17 17:18:37.347675,2025-03-17 17:18:38.848544,0 days 00:00:01.500869,0.7777116035069411,0.09904240956896676,40.598089238987754,True,0.7155453495719128,1.8164535705030826,0.08743736758304743,0.05277612929065744,0.0,0.0,1.0,1.0,,,,,"[[ 4.05064211e-04 -1.14753968e-04  6.75025857e+02]
 [ 1.14753968e-04  4.05064211e-04  1.47826373e+01]]",0.0,,,1.0,COMPLETE
16,0.0,2025-03-17 17:18:38.858006,2025-03-17 17:18:40.793315,0 days 00:00:01.935309,0.49305533918772687,3.202139292383121,75.8573573451697,True,0.00474011965308907,0.7190004434253967,0.00117746379801148,0.11650217644880664,,,,,,,,,,,,,,COMPLETE
17,0.0,2025-03-17 17:18:40.799665,2025-03-17 17:18:41.523370,0 days 00:00:00.723705,0.03414803748560302,0.9807964304535695,65.93934449776083,True,0.6482622044071326,3.3488546179155136,0.03639001870811411,0.1628034227780408,,,,,,,,,,,,,,COMPLETE
18,0.0,2025-03-17 17:18:41.637164,2025-03-17 17:18:42.567459,0 days 00:00:00.930295,0.7951628535178396,1.8227727369930558,43.662922931465175,True,0.37103397959962914,1.9454300268488618,0.12856948611811106,0.032811107195445915,,,,,,,,,,,,,,COMPLETE
19,0.0,2025-03-17 17:18:42.573758,2025-03-17 17:18:46.357527,0 days 00:00:03.783769,0.29363528329077393,0.5266137935517287,90.3630577228187,True,0.14765501442789375,3.615017908113556,0.02362081397019715,0.06874792664518886,,,,,,,,,,,,,,COMPLETE
20,0.0,2025-03-17 17:18:46.366973,2025-03-17 17:18:48.582863,0 days 00:00:02.215890,0.12213316408747249,1.196861733250791,88.07057879291894,True,0.5138811575365112,2.0087423175667123,0.0570349694394586,0.19585471212678512,,,,,,,,,,,,,,COMPLETE
21,0.16146375163612395,2025-03-17 17:18:48.589729,2025-03-17 17:18:52.428849,0 days 00:00:03.839120,0.44495910325917576,1.9086758385641822,32.03283990431583,True,0.7670195113328576,0.8213483042634828,0.07964453857781342,0.09461037038285289,10994.0,0.23688860159448394,46410.0,35416.0,,,0.2940746400686411,0.6816020296009199,"[[ 1.21732300e+00 -1.04537057e-03  5.97550576e-03]
 [ 1.04537057e-03  1.21732300e+00  4.22090368e+00]]",15240.0,0.9999999999999999,1.0000000000009575,42164.0,COMPLETE
22,0.0,2025-03-17 17:18:52.446363,2025-03-17 17:18:54.592328,0 days 00:00:02.145965,0.5386256235985143,1.9928042574217348,30.53963283683273,True,0.8039015812761507,0.5633811609605025,0.07890403406580307,0.10148399314911041,,,,,,,,,,,,,,COMPLETE
23,0.0,2025-03-17 17:18:54.598150,2025-03-17 17:18:55.630648,0 days 00:00:01.032498,0.3874162960290466,2.9375749513332274,3.4129322115162495,True,0.6351955532137161,4.947306277660575,0.040699555790821164,0.14480644147499847,,,,,,,,,,,,,,COMPLETE
24,0.0,2025-03-17 17:18:55.738354,2025-03-17 17:18:56.852645,0 days 00:00:01.114291,0.6950664409277973,3.603983092421621,28.19416161942182,True,0.7384402992275685,1.3971248694322345,0.10123934694462715,0.022392255547577095,,,,,,,,,,,,,,COMPLETE
25,0.14563139099074957,2025-03-17 17:18:56.860629,2025-03-17 17:19:05.729208,0 days 00:00:08.868579,0.44895725963986177,2.051984933566551,42.58551877513578,True,0.42544825795923735,0.6011144732364286,0.0011707259432662924,0.056667059886449225,23162.0,0.2372475109599705,97628.0,74466.0,,,0.21058312367056742,0.6138373819033287,"[[ 1.22854703 -0.00345403 -1.7112084 ]
 [ 0.00345403  1.22854703  2.34824189]]",81730.0,0.9999999999999981,1.000000000003965,39060.0,COMPLETE
26,0.0,2025-03-17 17:19:05.748297,2025-03-17 17:19:09.274080,0 days 00:00:03.525783,0.29041518403447253,1.2895685380086679,51.32729746199369,True,0.5592168975784079,2.7744017749257726,0.053220100879583926,0.11745388362078243,,,,,,,,,,,,,,COMPLETE
27,0.0,2025-03-17 17:19:09.282591,2025-03-17 17:19:16.668753,0 days 00:00:07.386162,0.5548653078252679,0.4333382303542371,24.05373205876818,False,0.23790631211161511,1.034600897606397,0.18094966954982764,0.17589812030386534,1.0,1.0,1.0,0.0,,,,,"[[-5.79227819e-04 -3.08633581e-04  5.20740723e+01]
 [ 3.08633581e-04 -5.79227819e-04  5.84100451e+02]]",1.0,,,1.0,COMPLETE
28,0.0,2025-03-17 17:19:16.678105,2025-03-17 17:19:18.174977,0 days 00:00:01.496872,0.7001264115129283,2.6610640394535356,61.886123664620385,True,0.6915533068771509,0.34613336168910824,0.026645642979135062,0.08506040006710164,,,,,,,,,,,,,,COMPLETE
29,0.0,2025-03-17 17:19:18.181380,2025-03-17 17:19:18.250373,0 days 00:00:00.068993,0.35776043590341905,2.1685276721731594,40.7994645290789,True,0.8242903736988856,1.7258088285820004,0.023881991216445603,0.0006413482219066735,,,,,,,,,,,,,,COMPLETE
30,0.0,2025-03-17 17:19:18.256492,2025-03-17 17:19:19.024986,0 days 00:00:00.768494,0.4493683107488106,1.132651635091581,11.662107950259966,True,0.8431257580848205,2.2010824218173974,0.11765547037209072,0.06341580162281088,,,,,,,,,,,,,,COMPLETE
31,0.2901883286075669,2025-03-17 17:19:19.237668,2025-03-17 17:19:32.328409,0 days 00:00:13.090741,0.39529186469530325,2.000763351754827,37.68562141332831,True,0.405651867048392,0.6546914820090217,0.0021715320496986518,0.058673327027807025,47339.0,0.4045100317872646,117028.0,69689.0,,,0.425792915940709,0.7173822793106389,"[[ 1.21977374e+00  1.51970554e-03  8.03488873e-02]
 [-1.51970554e-03  1.21977374e+00  4.33087972e+00]]",86272.0,1.0000000000000087,1.000000000002087,78095.0,COMPLETE
32,0.2716549484308301,2025-03-17 17:19:32.346929,2025-03-17 17:19:43.528974,0 days 00:00:11.182045,0.34722699846180854,1.763131287890058,23.61439872705418,True,0.34481458089961303,0.9124437492072698,0.03122852457123357,0.024148508616717478,57085.0,0.3999257385858105,142739.0,85654.0,,,0.29273746178109306,0.6792634787434222,"[[ 1.21844950e+00  2.94155918e-03 -9.66110331e-01]
 [-2.94155918e-03  1.21844950e+00  4.22369984e+00]]",65263.0,1.0000000000000053,1.0000000000013063,134561.0,COMPLETE
33,0.24491601546706343,2025-03-17 17:19:43.551351,2025-03-17 17:19:52.328265,0 days 00:00:08.776914,0.343965985012533,2.7579697362928997,23.561345692448644,True,0.3476667738753689,1.0581562095608144,0.033794534157707584,0.02270172046971552,53768.0,0.36281436196414235,148197.0,94429.0,,,0.2923048488155967,0.6750449848268932,"[[ 1.22124706e+00  2.79015498e-03 -1.79163415e+00]
 [-2.79015498e-03  1.22124706e+00  5.12208727e+00]]",60959.0,1.0000000000000047,1.0000000000015237,141006.0,COMPLETE
34,0.0,2025-03-17 17:19:52.343857,2025-03-17 17:19:54.345569,0 days 00:00:02.001712,0.2132729387443631,3.363242716575513,23.686173772232728,True,0.34938113788960623,1.1452032307263516,0.035629361976239816,0.02105017328441066,,,,,,,,,,,,,,COMPLETE
35,0.39172407418700483,2025-03-17 17:19:54.354356,2025-03-17 17:19:59.828771,0 days 00:00:05.474415,0.2585500892474694,2.863230553195246,11.363422980562888,True,0.19375281690237808,2.7592804238101176,0.06699388575537917,0.018780099771650686,171361.0,0.5866136745641332,292119.0,120758.0,,,0.42568811966354564,0.6677718082144342,"[[ 1.21867218e+00  1.98723109e-03 -6.44822128e-01]
 [-1.98723109e-03  1.21867218e+00  6.03470015e+00]]",172617.0,0.99999999999999,1.0000000000025515,290863.0,COMPLETE
36,0.0,2025-03-17 17:19:59.927415,2025-03-17 17:20:02.583773,0 days 00:00:02.656358,0.24791583915961013,3.8364545048697267,10.493370670963198,False,0.19872722167220724,2.666101246487544,0.06745504162748857,0.009391427679361436,,,,,,,,,,,,,,COMPLETE
37,0.0,2025-03-17 17:20:02.593092,2025-03-17 17:20:04.066126,0 days 00:00:01.473034,0.13559868101173284,4.966193431932525,17.26724241555577,True,0.12043785595574805,3.0166556608368094,0.0478613564504468,0.04354828649877544,,,,,,,,,,,,,,COMPLETE
38,0.0,2025-03-17 17:20:04.074970,2025-03-17 17:20:05.162212,0 days 00:00:01.087242,0.13558280850972995,4.336081158163255,7.444467388962437,False,0.05275600840314154,3.711938837648586,0.06351603553841727,0.03146114383704043,,,,,,,,,,,,,,COMPLETE
39,0.1263914823777533,2025-03-17 17:20:05.171810,2025-03-17 17:20:07.929336,0 days 00:00:02.757526,0.40359706252283967,3.2173873724271695,15.517240217619399,True,0.4285870292618671,1.613262462052219,0.014161852187461677,0.01553837599297507,12304.0,0.19094619550879152,64437.0,52133.0,,,0.2281817410798318,0.6619219725272505,"[[ 1.22153135e+00  2.98610863e-03 -2.03916042e+00]
 [-2.98610863e-03  1.22153135e+00  3.59130825e+00]]",13769.0,1.0000000000000007,0.9999999999990258,62972.0,COMPLETE
40,0.0,2025-03-17 17:20:07.950398,2025-03-17 17:20:10.791302,0 days 00:00:02.840904,0.4970750133439148,1.6136167999672832,36.49530793774729,False,0.19763665088341348,2.754381186111132,0.023736400614763682,0.05264797515119663,,,,,,,,,,,,,,COMPLETE
41,0.23339125910564334,2025-03-17 17:20:10.799725,2025-03-17 17:20:15.728622,0 days 00:00:04.928897,0.33377122581695723,2.804503434802898,25.973167517691277,True,0.2923724024505656,3.271564230184598,0.0355076106559729,0.02565950316401248,55809.0,0.35266350710900474,158250.0,102441.0,,,0.36984272179515654,0.6617958887180931,"[[ 1.21218973e+00  1.03985532e-03  2.28265687e+00]
 [-1.03985532e-03  1.21218973e+00  4.93238087e+00]]",57229.0,1.0000000000000069,1.0000000000020344,156830.0,COMPLETE
42,0.1392464530204005,2025-03-17 17:20:15.755832,2025-03-17 17:20:30.925788,0 days 00:00:15.169956,0.2734736838517114,2.5412767663290685,22.45692692377841,True,0.3188187871117034,0.29419555289802723,0.008031998853326415,0.012649931843047135,66990.0,0.2504636137947537,267464.0,200474.0,,,0.25564035013597414,0.5559548187886013,"[[ 1.2044756   0.01122241  1.37579617]
 [-0.01122241  1.2044756   8.5503545 ]]",73422.0,1.0000000000000018,1.0000000000032299,261032.0,COMPLETE
43,0.0,2025-03-17 17:20:30.940273,2025-03-17 17:20:35.366311,0 days 00:00:04.426038,0.33009951245182617,2.290556956656731,20.28694465187348,True,0.4191018783988203,2.1527009708516665,0.06006679280329612,0.04135906432401624,,,,,,,,,,,,,,COMPLETE
44,0.0,2025-03-17 17:20:35.439575,2025-03-17 17:20:35.582623,0 days 00:00:00.143048,0.9974460120224867,3.045591581120242,36.04433008717814,True,0.2202400720615667,1.2526974560481086,0.03028287249689518,0.0034617857829059955,,,,,,,,,,,,,,COMPLETE
45,0.0,2025-03-17 17:20:35.634207,2025-03-17 17:20:37.087532,0 days 00:00:01.453325,0.6122617368271744,2.6891372650607153,12.998083619991126,True,0.4730481423082309,0.9166268173295227,0.045208009446416224,0.02544747000339469,,,,,,,,,,,,,,COMPLETE
46,0.13730387858637494,2025-03-17 17:20:37.097848,2025-03-17 17:20:42.430383,0 days 00:00:05.332535,0.4077478123712831,3.5961136464279937,47.29478851812509,True,0.2569711716263525,2.503721541067774,0.018700409414602756,0.05137416471626671,48768.0,0.2679796026024266,181984.0,133216.0,,,0.15628330073966842,0.5123669012603111,"[[ 1.22474311 -0.01766399  4.48628037]
 [ 0.01766399  1.22474311  0.99037356]]",174729.0,1.0000000000000162,0.9999999999987494,56023.0,COMPLETE
47,0.0,2025-03-17 17:20:42.456543,2025-03-17 17:20:43.660725,0 days 00:00:01.204182,0.8962636417344619,1.7261536314079762,1.9190346015317417,True,0.32919363046732286,0.2700138369557188,0.07200720382455278,0.07894345343498527,,,,,,,,,,,,,,COMPLETE
48,0.0,2025-03-17 17:20:43.669318,2025-03-17 17:20:46.386860,0 days 00:00:02.717542,0.18312464399001255,1.4794360724100952,19.572014555822403,True,0.3909933231737247,0.5134498379821153,5.1068948236865364e-05,0.03437702488718841,,,,,,,,,,,,,,COMPLETE
49,0.0,2025-03-17 17:20:46.394756,2025-03-17 17:20:47.555391,0 days 00:00:01.160635,0.5683008004811418,2.4791776356741693,8.858519942894214,False,0.5575390341529999,1.627383328643942,0.009675383584983828,0.01265966473112489,,,,,,,,,,,,,,COMPLETE
