number,value,datetime_start,datetime_complete,duration,params_FISH_binarization_threshold,params_FISH_gaussian_sigma,params_IMC_arcsinh_cofactor,params_IMC_arcsinh_normalize,params_IMC_binarization_threshold,params_IMC_gaussian_sigma,params_IMC_winsorization_lower_limit,params_IMC_winsorization_upper_limit,user_attrs_logical_and,user_attrs_logical_iou,user_attrs_logical_or,user_attrs_logical_xor,user_attrs_prop_source_covered,user_attrs_prop_target_covered,user_attrs_reg_cell_max_corr,user_attrs_reg_image_max_corr,user_attrs_registration_matrix,user_attrs_source_sum,user_attrs_stack_cell_max_corr,user_attrs_stack_image_max_corr,user_attrs_target_sum,state
0,0.0,2025-03-19 12:41:48.842119,2025-03-19 12:41:48.917734,0 days 00:00:00.075615,0.3745401188473625,4.75357153204958,16.445845403801215,True,0.8661761457749352,3.005575058716044,0.031198904067240532,0.011616722433639893,,,,,,,,,,,,,,COMPLETE
1,-0.0131850982788533,2025-03-19 12:41:48.925435,2025-03-19 12:41:51.254510,0 days 00:00:02.329075,0.7080725777960455,0.10292247147901223,22.02157195714934,True,0.3042422429595377,2.6237821581611893,0.03636499344142013,0.03668090197068676,1.0,0.05,20.0,19.0,,,,-0.263701965577066,"[[ 3.74008606e-03 -6.00852374e-03  3.96512404e+02]
 [ 6.00852374e-03  3.74008606e-03  4.56450706e+01]]",1.0,,0.9999999999999999,20.0,COMPLETE
2,0.0,2025-03-19 12:41:51.259212,2025-03-19 12:41:52.855528,0 days 00:00:01.596316,0.43194501864211576,1.4561457009902097,29.922320204986598,True,0.7851759613930136,0.9983689107917987,0.07327236865873835,0.0912139968434072,,,,,,,,,,,,,,COMPLETE
3,0.0,2025-03-19 12:41:52.860411,2025-03-19 12:41:52.920259,0 days 00:00:00.059848,0.5142344384136116,2.9620728443102124,17.88188824504186,False,0.9656320330745594,4.041986740582305,0.013010318597055905,0.18977710745066667,,,,,,,,,,,,,,COMPLETE
4,0.0,2025-03-19 12:41:52.924294,2025-03-19 12:41:52.972585,0 days 00:00:00.048291,0.3046137691733707,0.48836057003191935,13.081785249633104,True,0.9093204020787821,1.2938999080000846,0.09903538202225404,0.006877704223043679,,,,,,,,,,,,,,COMPLETE
5,0.0,2025-03-19 12:41:52.976600,2025-03-19 12:41:53.031116,0 days 00:00:00.054516,0.662522284353982,1.5585553804470549,19.300591097027176,False,0.9394989415641891,4.474136752138244,0.19391692555291173,0.15502656467222292,,,,,,,,,,,,,,COMPLETE
6,0.0,2025-03-19 12:41:53.035087,2025-03-19 12:41:53.973862,0 days 00:00:00.938775,0.5978999788110851,4.609371175115584,5.477501602143269,False,0.2713490317738959,4.143687545759647,0.06506606615265287,0.07773545793789641,,,,,,,,,,,,,,COMPLETE
7,0.0,2025-03-19 12:41:53.978250,2025-03-19 12:42:02.779500,0 days 00:00:08.801250,0.3567533266935893,1.4046725484369038,80.41750109464992,True,0.7722447692966574,0.993578407670862,0.014910128735954166,0.19737738732010346,,,,,,,,,,,,,,COMPLETE
8,0.0,2025-03-19 12:42:02.783952,2025-03-19 12:42:02.858640,0 days 00:00:00.074688,0.005522117123602399,4.0773071422741705,77.35576432190862,False,0.11586905952512971,4.315517129377968,0.014808930346818072,0.07169314570885453,,,,,,,,,,,,,,COMPLETE
9,0.0,2025-03-19 12:42:02.862820,2025-03-19 12:42:03.537526,0 days 00:00:00.674706,0.6232981268275579,1.654490124263246,33.19314888064796,False,0.8872127425763265,2.3610746258097466,0.1459212356676128,0.12751149427104264,,,,,,,,,,,,,,COMPLETE
10,0.0,2025-03-19 12:42:03.548272,2025-03-19 12:42:03.642879,0 days 00:00:00.094607,0.9451365442303868,3.4215303407399382,55.747924529170206,True,0.6074415617554519,3.000078093465156,0.13037331015563566,0.007745039992236566,,,,,,,,,,,,,,COMPLETE
11,0.0,2025-03-19 12:42:03.647963,2025-03-19 12:42:35.064279,0 days 00:00:31.416316,0.2869127750412098,4.908406065334224,44.55497124829995,True,0.6587212564652211,0.1141668169955451,0.06856996328152043,0.052398399248387184,1.0,1.0,1.0,0.0,,,,,"[[-5.32359731e-05  1.29607930e-03  6.22924952e+02]
 [-1.29607930e-03 -5.32359731e-05  5.19686531e+02]]",1.0,,,1.0,COMPLETE
12,0.0,2025-03-19 12:42:35.070712,2025-03-19 12:42:36.176645,0 days 00:00:01.105933,0.1198019643955821,2.416135428262699,39.371826202332116,True,0.4687052188878421,1.7569305977456322,0.06119531437537168,0.10555577860600641,,,,,,,,,,,,,,COMPLETE
13,-0.000504946786262242,2025-03-19 12:42:36.182112,2025-03-19 12:42:38.083377,0 days 00:00:01.901265,0.4658246377505848,2.371413413327704,59.671346111336184,True,0.7309113023034158,3.369496923066832,0.10284458463463776,0.13217114505845734,2635.0,0.019836042126182823,132839.0,130204.0,,,-0.01074362967235455,-0.025456025100679302,"[[  -42.49968382    21.24978217 -6229.3630915 ]
 [  -21.24978217   -42.49968382 20921.60511267]]",105740.0,1.0000000000000036,0.9999999999976945,29734.0,COMPLETE
14,0.0,2025-03-19 12:42:38.089855,2025-03-19 12:42:39.695304,0 days 00:00:01.605449,0.8147837190048975,1.0268990876560822,30.919704963183015,True,0.5426431724095517,0.01817212857529449,0.044285832303961686,0.038872972439842626,,,,,,,,,,,,,,COMPLETE
15,0.0,2025-03-19 12:42:39.700826,2025-03-19 12:42:40.333615,0 days 00:00:00.632789,0.19235987858839554,3.758067124078944,64.3679979253943,True,0.7866278717699982,1.9623126588196862,0.09217814282201403,0.09350953963480152,,,,,,,,,,,,,,COMPLETE
16,0.0,2025-03-19 12:42:40.629411,2025-03-19 12:42:41.960336,0 days 00:00:01.330925,0.4155265090403054,2.9574612176697648,97.9631335855017,True,0.8318440870908552,0.872649883329289,0.04200537706023182,0.030499298925897707,,,,,,,,,,,,,,COMPLETE
17,0.0,2025-03-19 12:42:41.967549,2025-03-19 12:42:44.683562,0 days 00:00:02.716013,0.22776566197732984,2.1773432516589457,3.0980545588194435,True,0.4509161036291376,3.3980105554206936,0.0004953082579807616,0.15967227481387233,,,,,,,,,,,,,,COMPLETE
18,0.0,2025-03-19 12:42:44.688972,2025-03-19 12:42:44.783042,0 days 00:00:00.094070,0.5252808868777312,1.0679250299463925,29.223345931469392,True,0.999436931418535,4.955492967071801,0.12856948611811106,0.06406794705158333,,,,,,,,,,,,,,COMPLETE
19,0.0,2025-03-19 12:42:44.787793,2025-03-19 12:42:44.883351,0 days 00:00:00.095558,0.7733723864700414,3.9793388094678646,46.53863467857734,True,0.6528846693058872,1.9708805512418854,0.07986759225306833,0.10029140308447335,,,,,,,,,,,,,,COMPLETE
20,0.0,2025-03-19 12:42:44.893442,2025-03-19 12:42:46.658156,0 days 00:00:01.764714,0.39929464831880623,1.9969425070623295,8.945186667891203,True,0.7157902363416819,1.4515583121981062,0.17168264248222442,0.12383619884579472,,,,,,,,,,,,,,COMPLETE
21,0.0,2025-03-19 12:42:46.665546,2025-03-19 12:42:46.751323,0 days 00:00:00.085777,0.5104751248234958,3.1167031262810374,18.386363257406966,False,0.9991184104579378,3.7178873787794435,0.029452271933359225,0.19302375577258746,,,,,,,,,,,,,,COMPLETE
22,0.0001347327016625053,2025-03-19 12:42:46.756910,2025-03-19 12:42:48.587663,0 days 00:00:01.830753,0.5149943178491099,2.8616441658727374,24.899718941033363,False,0.8409742783392349,2.8376106980903373,0.004442449314500604,0.1754048206115142,7247.0,0.011965953090557844,605635.0,598388.0,,,0.06534900245118756,0.011259671556695376,"[[    122.6915485      241.53800539 -116891.78136656]
 [   -241.53800539     122.6915485   -39194.587036  ]]",603182.0,0.9999999999999971,0.9999999999999937,9700.0,COMPLETE
23,0.0,2025-03-19 12:42:48.593620,2025-03-19 12:42:49.024110,0 days 00:00:00.430490,0.5731498188508367,4.500345854295312,29.405193279101546,False,0.8462171714591585,2.6908030973711434,0.044941640325914876,0.14261114643579068,,,,,,,,,,,,,,COMPLETE
24,0.0,2025-03-19 12:42:49.037161,2025-03-19 12:42:49.525069,0 days 00:00:00.487908,0.42254023671701524,0.9867387360524568,37.37113952384839,False,0.8244494466106841,3.147900561417578,0.026433655431405037,0.16198888972594105,,,,,,,,,,,,,,COMPLETE
25,0.006419574802573599,2025-03-19 12:42:49.632501,2025-03-19 12:43:39.423999,0 days 00:00:49.791498,0.31292439214628,3.379360221285851,26.71496453885908,False,0.5496565423371966,0.6011144732364286,0.002878784058655312,0.1749199422956363,79818.0,0.2094757202056493,381037.0,301219.0,,,0.025162429920383842,0.030645913503824156,"[[-8.10727033e-02  1.18345335e+00  7.98171762e+01]
 [-1.18345335e+00 -8.10727033e-02  9.35883020e+02]]",142295.0,0.9999999999999934,0.99999999999889,318560.0,COMPLETE
26,0.0,2025-03-19 12:43:39.446514,2025-03-19 12:43:40.595238,0 days 00:00:01.148724,0.1613557445673995,3.5011914857550694,22.300522500017514,False,0.371817204415703,2.192056081550496,0.002091912350936873,0.17812933833215763,,,,,,,,,,,,,,COMPLETE
27,-0.0031050754645740933,2025-03-19 12:43:40.601202,2025-03-19 12:44:27.028533,0 days 00:00:46.427331,0.3297917359319346,2.6719345928800697,8.30901577111825,False,0.0209928166776997,0.44630468135610624,0.05318462536682432,0.17568320316232341,23473.0,0.3478976152717464,67471.0,43998.0,,,-0.01216325435250194,-0.008925256536031979,"[[ 3.67684126e-01  1.78985918e-01  4.57372033e+00]
 [-1.78985918e-01  3.67684126e-01  3.93583295e+02]]",62721.0,0.9999999999999766,1.0000000000000953,28223.0,COMPLETE
28,0.0,2025-03-19 12:44:27.050565,2025-03-19 12:44:27.725471,0 days 00:00:00.674906,0.0456547394054605,4.277292074272437,14.460626460747001,False,0.5421287003864963,2.8035074849596024,0.025061876261333715,0.11150353031456149,,,,,,,,,,,,,,COMPLETE
29,0.10484518719163255,2025-03-19 12:44:27.839596,2025-03-19 12:44:32.478859,0 days 00:00:04.639263,0.2512636636255541,4.974262918574145,24.365860582607485,False,0.2962859099796563,2.556103859935833,0.001198323114164334,0.14560507751332122,1.0,0.3333333333333333,3.0,2.0,,,,0.31453556157489765,"[[ 6.86179695e-04  2.49784748e-03  3.09830199e+02]
 [-2.49784748e-03  6.86179695e-04  2.54986868e+02]]",1.0,,0.9999999999999999,3.0,COMPLETE
30,0.4309678993046307,2025-03-19 12:44:32.486165,2025-03-19 12:44:40.528921,0 days 00:00:08.042756,0.26427198622173753,3.420138089181984,41.980090206466585,False,0.20446004699472214,2.405078822691486,0.0002804061341898801,0.17748864756378607,493290.0,0.8634155050374218,571324.0,78034.0,,,0.4713001847045234,0.49914310872370987,"[[-1.19121017e-02  1.21849524e+00  2.43268247e+01]
 [-1.21849524e+00 -1.19121017e-02  9.44950994e+02]]",524408.0,1.0000000000013145,0.9999999999996042,540206.0,COMPLETE
31,0.3387730954697551,2025-03-19 12:44:40.547218,2025-03-19 12:44:53.727719,0 days 00:00:13.180501,0.27402772391988145,3.503242289926904,41.14182894610009,False,0.17945380588988144,1.5794554241499403,0.0012180657446969182,0.1732071213580501,452523.0,0.8035068405586087,563185.0,110662.0,,,0.3659463065505269,0.4216181846494742,"[[-1.00690688e-02  1.21076716e+00  2.60143506e+01]
 [-1.21076716e+00 -1.00690688e-02  9.41719438e+02]]",508760.0,0.9999999999995539,0.9999999999998751,506948.0,COMPLETE
32,0.029000089529711216,2025-03-19 12:44:53.743603,2025-03-19 12:45:04.448686,0 days 00:00:10.705083,0.25277980221645907,3.4315867412205976,50.0981825110658,False,0.18968968620697815,1.4444610310922088,0.01627883071885443,0.14628127983091632,1.0,0.16666666666666666,6.0,5.0,,,,0.1740005371782673,"[[ 4.36673318e-03 -3.89329337e-04  4.99816198e+02]
 [ 3.89329337e-04  4.36673318e-03  2.63352375e+02]]",6.0,,1.0,1.0,COMPLETE
33,0.0,2025-03-19 12:45:04.457156,2025-03-19 12:45:11.162838,0 days 00:00:06.705682,0.24367728693795676,3.6573735963175866,51.14941396313083,False,0.1936567956205826,1.656283522186496,0.020744638163280642,0.14529198559985462,0.0,0.0,1.0,1.0,,,,,"[[ 1.61344564e-03  1.82050071e-04  2.29485504e+02]
 [-1.82050071e-04  1.61344564e-03  5.58189133e+02]]",1.0,,,0.0,COMPLETE
34,0.0,2025-03-19 12:45:11.173991,2025-03-19 12:45:12.489760,0 days 00:00:01.315769,0.1109474064904567,4.29358676584349,40.55293311657786,False,0.18763859285097503,2.2917621090543165,0.03521934889134933,0.1457029385782152,,,,,,,,,,,,,,COMPLETE
35,-0.007011434418900313,2025-03-19 12:45:12.497475,2025-03-19 12:45:29.774249,0 days 00:00:17.276774,0.25987960125851894,3.2340238028011012,66.97338840638433,False,0.33008856960825195,1.1914815363055293,0.015612855360975645,0.16199027959568013,260.0,0.3812316715542522,682.0,422.0,,,-0.06426855575939339,-0.018391531821884667,"[[-2.97606263e-02 -3.27491634e-02  4.73509673e+01]
 [ 3.27491634e-02 -2.97606263e-02  2.37434367e+02]]",435.0,1.0000000000000002,0.9999999999999917,507.0,COMPLETE
36,0.0,2025-03-19 12:45:29.784516,2025-03-19 12:45:30.770749,0 days 00:00:00.986233,0.18487092956980333,3.8364545048697267,50.882088289865884,False,0.07791044216607959,1.493678070333235,0.01114079902122383,0.1860163586572266,,,,,,,,,,,,,,COMPLETE
37,0.0,2025-03-19 12:45:30.777595,2025-03-19 12:45:32.090367,0 days 00:00:01.312772,0.11666811015116485,4.966193431932525,46.07264399583714,False,0.21721984628959326,2.5615436612203872,0.0324543153628245,0.1191822526425044,,,,,,,,,,,,,,COMPLETE
38,-0.008287879576563274,2025-03-19 12:45:32.097208,2025-03-19 12:45:43.855708,0 days 00:00:11.758500,0.35884952386416824,2.7070552168572566,35.7934566546637,False,0.13839732839958407,2.0240111836392165,0.05431580468318182,0.13727105726332803,5.0,0.07246376811594203,69.0,64.0,,,0.8847349531641651,-0.11437273815657317,"[[ 1.24132849e-02  5.06436419e-03  1.20435440e+02]
 [-5.06436419e-03  1.24132849e-02  5.86482119e+01]]",67.0,1.0,0.9999999999999994,7.0,COMPLETE
39,0.0,2025-03-19 12:45:43.870769,2025-03-19 12:45:44.433845,0 days 00:00:00.563076,0.0638785555416323,4.572809479505443,54.76987923897574,False,0.2630561951404701,1.7335263513565256,0.010513786508686439,0.1512003882527249,,,,,,,,,,,,,,COMPLETE
40,-0.5,2025-03-19 12:45:44.530275,2025-03-19 12:45:49.474069,0 days 00:00:04.943794,0.23529014578113133,4.173336767066276,42.8130314011116,False,0.40440594602140745,1.2358705190254287,0.023004789599668195,0.19959322173173874,1.0,0.5,2.0,1.0,,,,-1.0,"[[ 3.89021921e-04 -1.40699941e-03  3.69244653e+02]
 [ 1.40699941e-03  3.89021921e-04  7.99729637e+02]]",1.0,,1.0,2.0,COMPLETE
41,0.23942050373772664,2025-03-19 12:45:49.483816,2025-03-19 12:46:34.323338,0 days 00:00:44.839522,0.2929448363806898,3.33322798601968,25.973167517691277,False,0.26088536601339196,0.6455606122216113,0.0042082162030612595,0.1702770085826709,262644.0,0.5426259854883229,484024.0,221380.0,,,0.3056308082698063,0.44122565107578854,"[[-9.21747827e-03  1.21172421e+00  2.45646773e+01]
 [-1.21172421e+00 -9.21747827e-03  9.42238443e+02]]",318912.0,0.9999999999999964,1.0000000000002212,427756.0,COMPLETE
42,0.265166463782622,2025-03-19 12:46:34.349629,2025-03-19 12:47:23.729361,0 days 00:00:49.379732,0.29937181185473044,3.1572341238999657,35.81945986042058,False,0.2618657746538333,0.7849070729463055,0.0001448920265272359,0.16602343509489198,271321.0,0.5774630201128019,469850.0,198529.0,,,0.33236585371322885,0.4591921119569254,"[[-1.31849024e-02  1.22051493e+00  2.36436033e+01]
 [-1.22051493e+00 -1.31849024e-02  9.46052142e+02]]",343460.0,0.9999999999999908,0.9999999999986227,397711.0,COMPLETE
43,0.10882974592271778,2025-03-19 12:47:23.754607,2025-03-19 12:48:09.529437,0 days 00:00:45.774830,0.3520687078094745,3.095534454613189,34.68218616943049,False,0.297858550058925,0.7012535497777788,0.00040629104987926806,0.16860048203251282,127523.0,0.35901240128939627,355205.0,227682.0,,,0.13073767611437562,0.30313645303575804,"[[-4.71395721e-03  1.20880706e+00  2.36396039e+01]
 [-1.20880706e+00 -4.71395721e-03  9.38428489e+02]]",297430.0,0.9999999999999815,0.9999999999986938,185298.0,COMPLETE
44,0.010117826456527536,2025-03-19 12:48:09.650178,2025-03-19 12:48:46.126582,0 days 00:00:36.476404,0.3683174175335555,3.045591581120242,34.914478756301165,False,0.24069037961569995,0.7153583160614636,0.010717457554542923,0.16655842847568375,80980.0,0.20340243188731233,398127.0,317147.0,,,0.051136928100785274,0.04974289816816422,"[[-9.28593708e-02  1.20184465e+00  3.52064712e+01]
 [-1.20184465e+00 -9.28593708e-02  9.78808014e+02]]",344056.0,1.0000000000000062,1.0000000000008291,135051.0,COMPLETE
45,0.008747351962451147,2025-03-19 12:48:46.247089,2025-03-19 12:49:43.528702,0 days 00:00:57.281613,0.30752502945143023,3.2545486552886587,33.71652108052274,False,0.33424920924320767,0.34519599422793446,0.02249315028038116,0.18482258289163,143995.0,0.3196152941228697,450526.0,306531.0,,,0.022011512638845047,0.027368377306401372,"[[-6.27478339e-02  1.22697142e+00  6.21992094e+01]
 [-1.22697142e+00 -6.27478339e-02  9.64834853e+02]]",242609.0,0.9999999999999667,0.9999999999991098,351912.0,COMPLETE
46,0.0,2025-03-19 12:49:43.553486,2025-03-19 12:49:47.651498,0 days 00:00:04.098012,0.4684711507634126,3.628746486152651,40.71977526018087,False,0.13837742385588916,1.0110095643835795,0.009297263493563225,0.16875825076888426,,,,,,,,,,,,,,COMPLETE
47,0.1403970850767975,2025-03-19 12:49:47.659320,2025-03-19 12:50:46.029772,0 days 00:00:58.370452,0.2999862165725555,2.7708347834335383,19.791120080685978,False,0.064239070496243,0.35594549814916854,0.04000550582151347,0.18891006454936243,185416.0,0.40973557320463355,452526.0,267110.0,,,0.24883336474573495,0.34265290655317154,"[[-9.45324615e-03  1.22260884e+00  2.42220305e+01]
 [-1.22260884e+00 -9.45324615e-03  9.47416930e+02]]",250739.0,1.0000000000000207,1.0000000000019145,387203.0,COMPLETE
48,0.0,2025-03-19 12:50:46.052749,2025-03-19 12:50:48.339501,0 days 00:00:02.286752,0.1818547536252374,2.6895515815391464,20.09299088839788,False,0.045099651567293675,0.37684480892914185,0.03706403896613261,0.18665556297652766,0.0,0.0,1.0,1.0,,,,,"[[-3.33357209e-04 -3.74864679e-04  4.24335412e+02]
 [ 3.74864679e-04 -3.33357209e-04  9.20005729e+02]]",0.0,,,1.0,COMPLETE
49,0.17625170389028688,2025-03-19 12:50:48.349517,2025-03-19 12:51:14.527025,0 days 00:00:26.177508,0.28297642689860397,2.001183963560027,13.407642200994768,False,0.08118057965988379,0.9736933018991644,0.04964224583316678,0.15501114914676808,400043.0,0.6996400738740504,571784.0,171741.0,,,0.1752624612957752,0.251917679492464,"[[-5.48621645e-03  1.21652488e+00  2.37685841e+01]
 [-1.21652488e+00 -5.48621645e-03  9.39935081e+02]]",535368.0,0.9999999999999925,0.9999999999992087,436459.0,COMPLETE
